<?xml version="1.0" encoding="UTF-8"?>
<testsuites>
  <testsuite name="C:\Users\sxpix\Downloads\ovnw - Copy\retide - Copy - Copy - Copy\ReTide-Webpage\phpunit.xml" tests="78" assertions="281" errors="0" failures="0" skipped="0" time="6.099948">
    <testsuite name="Unit" tests="11" assertions="27" errors="0" failures="0" skipped="0" time="0.912098">
      <testsuite name="Tests\Unit\BlogPostTest" file="C:\Users\sxpix\Downloads\ovnw - Copy\retide - Copy - Copy - Copy\ReTide-Webpage\tests\Unit\BlogPostTest.php" tests="3" assertions="8" errors="0" failures="0" skipped="0" time="0.464960">
        <testcase name="test_blog_post_fillable_attributes" file="C:\Users\sxpix\Downloads\ovnw - Copy\retide - Copy - Copy - Copy\ReTide-Webpage\tests\Unit\BlogPostTest.php" line="16" class="Tests\Unit\BlogPostTest" classname="Tests.Unit.BlogPostTest" assertions="1" time="0.370730"/>
        <testcase name="test_blog_post_table_and_primary_key" file="C:\Users\sxpix\Downloads\ovnw - Copy\retide - Copy - Copy - Copy\ReTide-Webpage\tests\Unit\BlogPostTest.php" line="26" class="Tests\Unit\BlogPostTest" classname="Tests.Unit.BlogPostTest" assertions="2" time="0.039642"/>
        <testcase name="test_can_create_blog_post" file="C:\Users\sxpix\Downloads\ovnw - Copy\retide - Copy - Copy - Copy\ReTide-Webpage\tests\Unit\BlogPostTest.php" line="37" class="Tests\Unit\BlogPostTest" classname="Tests.Unit.BlogPostTest" assertions="5" time="0.054588"/>
      </testsuite>
      <testsuite name="Tests\Unit\DonationTest" file="C:\Users\sxpix\Downloads\ovnw - Copy\retide - Copy - Copy - Copy\ReTide-Webpage\tests\Unit\DonationTest.php" tests="4" assertions="9" errors="0" failures="0" skipped="0" time="0.231475">
        <testcase name="test_donation_fillable_attributes" file="C:\Users\sxpix\Downloads\ovnw - Copy\retide - Copy - Copy - Copy\ReTide-Webpage\tests\Unit\DonationTest.php" line="18" class="Tests\Unit\DonationTest" classname="Tests.Unit.DonationTest" assertions="1" time="0.055048"/>
        <testcase name="test_can_create_donation" file="C:\Users\sxpix\Downloads\ovnw - Copy\retide - Copy - Copy - Copy\ReTide-Webpage\tests\Unit\DonationTest.php" line="34" class="Tests\Unit\DonationTest" classname="Tests.Unit.DonationTest" assertions="4" time="0.072163"/>
        <testcase name="test_donation_belongs_to_user" file="C:\Users\sxpix\Downloads\ovnw - Copy\retide - Copy - Copy - Copy\ReTide-Webpage\tests\Unit\DonationTest.php" line="57" class="Tests\Unit\DonationTest" classname="Tests.Unit.DonationTest" assertions="2" time="0.051953"/>
        <testcase name="test_donation_has_many_updates" file="C:\Users\sxpix\Downloads\ovnw - Copy\retide - Copy - Copy - Copy\ReTide-Webpage\tests\Unit\DonationTest.php" line="74" class="Tests\Unit\DonationTest" classname="Tests.Unit.DonationTest" assertions="2" time="0.052311"/>
      </testsuite>
      <testsuite name="Tests\Unit\DonationUpdateTest" file="C:\Users\sxpix\Downloads\ovnw - Copy\retide - Copy - Copy - Copy\ReTide-Webpage\tests\Unit\DonationUpdateTest.php" tests="3" assertions="6" errors="0" failures="0" skipped="0" time="0.163066">
        <testcase name="test_donation_update_fillable_attributes" file="C:\Users\sxpix\Downloads\ovnw - Copy\retide - Copy - Copy - Copy\ReTide-Webpage\tests\Unit\DonationUpdateTest.php" line="18" class="Tests\Unit\DonationUpdateTest" classname="Tests.Unit.DonationUpdateTest" assertions="1" time="0.061631"/>
        <testcase name="test_can_create_donation_update" file="C:\Users\sxpix\Downloads\ovnw - Copy\retide - Copy - Copy - Copy\ReTide-Webpage\tests\Unit\DonationUpdateTest.php" line="33" class="Tests\Unit\DonationUpdateTest" classname="Tests.Unit.DonationUpdateTest" assertions="3" time="0.049701"/>
        <testcase name="test_donation_update_belongs_to_donation" file="C:\Users\sxpix\Downloads\ovnw - Copy\retide - Copy - Copy - Copy\ReTide-Webpage\tests\Unit\DonationUpdateTest.php" line="60" class="Tests\Unit\DonationUpdateTest" classname="Tests.Unit.DonationUpdateTest" assertions="2" time="0.051734"/>
      </testsuite>
      <testsuite name="Tests\Unit\MarketplaceProductTest" file="C:\Users\sxpix\Downloads\ovnw - Copy\retide - Copy - Copy - Copy\ReTide-Webpage\tests\Unit\MarketplaceProductTest.php" tests="1" assertions="4" errors="0" failures="0" skipped="0" time="0.052597">
        <testcase name="test_marketplace_product_can_be_instantiated_and_persisted" file="C:\Users\sxpix\Downloads\ovnw - Copy\retide - Copy - Copy - Copy\ReTide-Webpage\tests\Unit\MarketplaceProductTest.php" line="16" class="Tests\Unit\MarketplaceProductTest" classname="Tests.Unit.MarketplaceProductTest" assertions="4" time="0.052597"/>
      </testsuite>
    </testsuite>
    <testsuite name="Feature" tests="67" assertions="254" errors="0" failures="0" skipped="0" time="5.187850">
      <testsuite name="Tests\Feature\BlogTest" file="C:\Users\sxpix\Downloads\ovnw - Copy\retide - Copy - Copy - Copy\ReTide-Webpage\tests\Feature\BlogTest.php" tests="15" assertions="61" errors="0" failures="0" skipped="0" time="1.157585">
        <testcase name="test_guests_are_redirected_to_login_for_public_blog_routes" file="C:\Users\sxpix\Downloads\ovnw - Copy\retide - Copy - Copy - Copy\ReTide-Webpage\tests\Feature\BlogTest.php" line="51" class="Tests\Feature\BlogTest" classname="Tests.Feature.BlogTest" assertions="4" time="0.115778"/>
        <testcase name="test_admins_are_redirected_to_dashboard_when_attempting_public_blog_routes" file="C:\Users\sxpix\Downloads\ovnw - Copy\retide - Copy - Copy - Copy\ReTide-Webpage\tests\Feature\BlogTest.php" line="65" class="Tests\Feature\BlogTest" classname="Tests.Feature.BlogTest" assertions="4" time="0.063229"/>
        <testcase name="test_non_admins_get_403_when_accessing_admin_blog_routes" file="C:\Users\sxpix\Downloads\ovnw - Copy\retide - Copy - Copy - Copy\ReTide-Webpage\tests\Feature\BlogTest.php" line="81" class="Tests\Feature\BlogTest" classname="Tests.Feature.BlogTest" assertions="6" time="0.109684"/>
        <testcase name="test_admins_can_access_admin_blog_routes" file="C:\Users\sxpix\Downloads\ovnw - Copy\retide - Copy - Copy - Copy\ReTide-Webpage\tests\Feature\BlogTest.php" line="100" class="Tests\Feature\BlogTest" classname="Tests.Feature.BlogTest" assertions="3" time="0.100774"/>
        <testcase name="test_listing_posts_on_blog_ordered_by_latest" file="C:\Users\sxpix\Downloads\ovnw - Copy\retide - Copy - Copy - Copy\ReTide-Webpage\tests\Feature\BlogTest.php" line="120" class="Tests\Feature\BlogTest" classname="Tests.Feature.BlogTest" assertions="5" time="0.064005"/>
        <testcase name="test_viewing_single_post_on_blog" file="C:\Users\sxpix\Downloads\ovnw - Copy\retide - Copy - Copy - Copy\ReTide-Webpage\tests\Feature\BlogTest.php" line="160" class="Tests\Feature\BlogTest" classname="Tests.Feature.BlogTest" assertions="4" time="0.069747"/>
        <testcase name="test_admin_can_create_blog_post_with_image" file="C:\Users\sxpix\Downloads\ovnw - Copy\retide - Copy - Copy - Copy\ReTide-Webpage\tests\Feature\BlogTest.php" line="181" class="Tests\Feature\BlogTest" classname="Tests.Feature.BlogTest" assertions="4" time="0.090725"/>
        <testcase name="test_admin_can_create_blog_post_without_image" file="C:\Users\sxpix\Downloads\ovnw - Copy\retide - Copy - Copy - Copy\ReTide-Webpage\tests\Feature\BlogTest.php" line="209" class="Tests\Feature\BlogTest" classname="Tests.Feature.BlogTest" assertions="4" time="0.071550"/>
        <testcase name="test_admin_can_update_blog_post_with_new_image" file="C:\Users\sxpix\Downloads\ovnw - Copy\retide - Copy - Copy - Copy\ReTide-Webpage\tests\Feature\BlogTest.php" line="233" class="Tests\Feature\BlogTest" classname="Tests.Feature.BlogTest" assertions="4" time="0.069956"/>
        <testcase name="test_admin_can_update_blog_post_without_new_image" file="C:\Users\sxpix\Downloads\ovnw - Copy\retide - Copy - Copy - Copy\ReTide-Webpage\tests\Feature\BlogTest.php" line="267" class="Tests\Feature\BlogTest" classname="Tests.Feature.BlogTest" assertions="4" time="0.065068"/>
        <testcase name="test_admin_can_delete_blog_post" file="C:\Users\sxpix\Downloads\ovnw - Copy\retide - Copy - Copy - Copy\ReTide-Webpage\tests\Feature\BlogTest.php" line="297" class="Tests\Feature\BlogTest" classname="Tests.Feature.BlogTest" assertions="4" time="0.062707"/>
        <testcase name="test_create_post_validation_fails_for_empty_fields" file="C:\Users\sxpix\Downloads\ovnw - Copy\retide - Copy - Copy - Copy\ReTide-Webpage\tests\Feature\BlogTest.php" line="322" class="Tests\Feature\BlogTest" classname="Tests.Feature.BlogTest" assertions="3" time="0.060566"/>
        <testcase name="test_create_post_validation_fails_for_invalid_title_length" file="C:\Users\sxpix\Downloads\ovnw - Copy\retide - Copy - Copy - Copy\ReTide-Webpage\tests\Feature\BlogTest.php" line="337" class="Tests\Feature\BlogTest" classname="Tests.Feature.BlogTest" assertions="4" time="0.076304"/>
        <testcase name="test_create_post_validation_fails_for_invalid_content_length" file="C:\Users\sxpix\Downloads\ovnw - Copy\retide - Copy - Copy - Copy\ReTide-Webpage\tests\Feature\BlogTest.php" line="359" class="Tests\Feature\BlogTest" classname="Tests.Feature.BlogTest" assertions="4" time="0.069234"/>
        <testcase name="test_create_post_validation_fails_for_invalid_image_type_and_size" file="C:\Users\sxpix\Downloads\ovnw - Copy\retide - Copy - Copy - Copy\ReTide-Webpage\tests\Feature\BlogTest.php" line="381" class="Tests\Feature\BlogTest" classname="Tests.Feature.BlogTest" assertions="4" time="0.068260"/>
      </testsuite>
      <testsuite name="Tests\Feature\CartTest" file="C:\Users\sxpix\Downloads\ovnw - Copy\retide - Copy - Copy - Copy\ReTide-Webpage\tests\Feature\CartTest.php" tests="10" assertions="50" errors="0" failures="0" skipped="0" time="1.344536">
        <testcase name="test_user_can_add_product_to_cart" file="C:\Users\sxpix\Downloads\ovnw - Copy\retide - Copy - Copy - Copy\ReTide-Webpage\tests\Feature\CartTest.php" line="25" class="Tests\Feature\CartTest" classname="Tests.Feature.CartTest" assertions="8" time="0.107241"/>
        <testcase name="test_add_to_cart_fails_for_non_existent_product" file="C:\Users\sxpix\Downloads\ovnw - Copy\retide - Copy - Copy - Copy\ReTide-Webpage\tests\Feature\CartTest.php" line="54" class="Tests\Feature\CartTest" classname="Tests.Feature.CartTest" assertions="1" time="0.065877"/>
        <testcase name="test_user_can_sync_cart" file="C:\Users\sxpix\Downloads\ovnw - Copy\retide - Copy - Copy - Copy\ReTide-Webpage\tests\Feature\CartTest.php" line="69" class="Tests\Feature\CartTest" classname="Tests.Feature.CartTest" assertions="8" time="0.061054"/>
        <testcase name="test_user_cannot_manipulate_price_during_sync" file="C:\Users\sxpix\Downloads\ovnw - Copy\retide - Copy - Copy - Copy\ReTide-Webpage\tests\Feature\CartTest.php" line="108" class="Tests\Feature\CartTest" classname="Tests.Feature.CartTest" assertions="7" time="0.055845"/>
        <testcase name="test_checkout_redirects_if_cart_is_empty" file="C:\Users\sxpix\Downloads\ovnw - Copy\retide - Copy - Copy - Copy\ReTide-Webpage\tests\Feature\CartTest.php" line="155" class="Tests\Feature\CartTest" classname="Tests.Feature.CartTest" assertions="3" time="0.235219"/>
        <testcase name="test_checkout_happy_path_creates_payment_and_returns_snap_token" file="C:\Users\sxpix\Downloads\ovnw - Copy\retide - Copy - Copy - Copy\ReTide-Webpage\tests\Feature\CartTest.php" line="170" class="Tests\Feature\CartTest" classname="Tests.Feature.CartTest" assertions="4" time="0.240358"/>
        <testcase name="test_process_redirects_if_cart_is_empty" file="C:\Users\sxpix\Downloads\ovnw - Copy\retide - Copy - Copy - Copy\ReTide-Webpage\tests\Feature\CartTest.php" line="213" class="Tests\Feature\CartTest" classname="Tests.Feature.CartTest" assertions="3" time="0.218573"/>
        <testcase name="test_process_happy_path_creates_payment_and_returns_json_response" file="C:\Users\sxpix\Downloads\ovnw - Copy\retide - Copy - Copy - Copy\ReTide-Webpage\tests\Feature\CartTest.php" line="228" class="Tests\Feature\CartTest" classname="Tests.Feature.CartTest" assertions="3" time="0.220438"/>
        <testcase name="test_adding_existing_product_to_cart_increments_quantity" file="C:\Users\sxpix\Downloads\ovnw - Copy\retide - Copy - Copy - Copy\ReTide-Webpage\tests\Feature\CartTest.php" line="268" class="Tests\Feature\CartTest" classname="Tests.Feature.CartTest" assertions="5" time="0.065233"/>
        <testcase name="test_unauthenticated_guests_are_redirected_to_login_for_cart_endpoints" file="C:\Users\sxpix\Downloads\ovnw - Copy\retide - Copy - Copy - Copy\ReTide-Webpage\tests\Feature\CartTest.php" line="296" class="Tests\Feature\CartTest" classname="Tests.Feature.CartTest" assertions="8" time="0.074698"/>
      </testsuite>
      <testsuite name="Tests\Feature\DonationFeatureTest" file="C:\Users\sxpix\Downloads\ovnw - Copy\retide - Copy - Copy - Copy\ReTide-Webpage\tests\Feature\DonationFeatureTest.php" tests="8" assertions="26" errors="0" failures="0" skipped="0" time="0.505498">
        <testcase name="test_user_can_view_donation_page" file="C:\Users\sxpix\Downloads\ovnw - Copy\retide - Copy - Copy - Copy\ReTide-Webpage\tests\Feature\DonationFeatureTest.php" line="26" class="Tests\Feature\DonationFeatureTest" classname="Tests.Feature.DonationFeatureTest" assertions="6" time="0.086420"/>
        <testcase name="test_user_can_submit_donation" file="C:\Users\sxpix\Downloads\ovnw - Copy\retide - Copy - Copy - Copy\ReTide-Webpage\tests\Feature\DonationFeatureTest.php" line="40" class="Tests\Feature\DonationFeatureTest" classname="Tests.Feature.DonationFeatureTest" assertions="4" time="0.072706"/>
        <testcase name="test_donation_requires_minimum_amount" file="C:\Users\sxpix\Downloads\ovnw - Copy\retide - Copy - Copy - Copy\ReTide-Webpage\tests\Feature\DonationFeatureTest.php" line="81" class="Tests\Feature\DonationFeatureTest" classname="Tests.Feature.DonationFeatureTest" assertions="3" time="0.056433"/>
        <testcase name="test_user_can_fetch_donation_updates" file="C:\Users\sxpix\Downloads\ovnw - Copy\retide - Copy - Copy - Copy\ReTide-Webpage\tests\Feature\DonationFeatureTest.php" line="96" class="Tests\Feature\DonationFeatureTest" classname="Tests.Feature.DonationFeatureTest" assertions="3" time="0.059802"/>
        <testcase name="test_user_can_view_success_page" file="C:\Users\sxpix\Downloads\ovnw - Copy\retide - Copy - Copy - Copy\ReTide-Webpage\tests\Feature\DonationFeatureTest.php" line="123" class="Tests\Feature\DonationFeatureTest" classname="Tests.Feature.DonationFeatureTest" assertions="2" time="0.055790"/>
        <testcase name="test_admin_can_view_donations_index" file="C:\Users\sxpix\Downloads\ovnw - Copy\retide - Copy - Copy - Copy\ReTide-Webpage\tests\Feature\DonationFeatureTest.php" line="136" class="Tests\Feature\DonationFeatureTest" classname="Tests.Feature.DonationFeatureTest" assertions="3" time="0.064368"/>
        <testcase name="test_admin_can_delete_donation" file="C:\Users\sxpix\Downloads\ovnw - Copy\retide - Copy - Copy - Copy\ReTide-Webpage\tests\Feature\DonationFeatureTest.php" line="157" class="Tests\Feature\DonationFeatureTest" classname="Tests.Feature.DonationFeatureTest" assertions="4" time="0.057551"/>
        <testcase name="test_non_admin_cannot_view_donations_index" file="C:\Users\sxpix\Downloads\ovnw - Copy\retide - Copy - Copy - Copy\ReTide-Webpage\tests\Feature\DonationFeatureTest.php" line="178" class="Tests\Feature\DonationFeatureTest" classname="Tests.Feature.DonationFeatureTest" assertions="1" time="0.052428"/>
      </testsuite>
      <testsuite name="Tests\Feature\DonationUpdateFeatureTest" file="C:\Users\sxpix\Downloads\ovnw - Copy\retide - Copy - Copy - Copy\ReTide-Webpage\tests\Feature\DonationUpdateFeatureTest.php" tests="5" assertions="18" errors="0" failures="0" skipped="0" time="0.336096">
        <testcase name="test_admin_can_view_donation_updates_index" file="C:\Users\sxpix\Downloads\ovnw - Copy\retide - Copy - Copy - Copy\ReTide-Webpage\tests\Feature\DonationUpdateFeatureTest.php" line="18" class="Tests\Feature\DonationUpdateFeatureTest" classname="Tests.Feature.DonationUpdateFeatureTest" assertions="4" time="0.091405"/>
        <testcase name="test_admin_can_view_donation_updates_ajax" file="C:\Users\sxpix\Downloads\ovnw - Copy\retide - Copy - Copy - Copy\ReTide-Webpage\tests\Feature\DonationUpdateFeatureTest.php" line="46" class="Tests\Feature\DonationUpdateFeatureTest" classname="Tests.Feature.DonationUpdateFeatureTest" assertions="2" time="0.059677"/>
        <testcase name="test_admin_can_view_create_donation_update_page" file="C:\Users\sxpix\Downloads\ovnw - Copy\retide - Copy - Copy - Copy\ReTide-Webpage\tests\Feature\DonationUpdateFeatureTest.php" line="68" class="Tests\Feature\DonationUpdateFeatureTest" classname="Tests.Feature.DonationUpdateFeatureTest" assertions="3" time="0.062155"/>
        <testcase name="test_admin_can_store_donation_update" file="C:\Users\sxpix\Downloads\ovnw - Copy\retide - Copy - Copy - Copy\ReTide-Webpage\tests\Feature\DonationUpdateFeatureTest.php" line="89" class="Tests\Feature\DonationUpdateFeatureTest" classname="Tests.Feature.DonationUpdateFeatureTest" assertions="4" time="0.062608"/>
        <testcase name="test_donation_update_validation" file="C:\Users\sxpix\Downloads\ovnw - Copy\retide - Copy - Copy - Copy\ReTide-Webpage\tests\Feature\DonationUpdateFeatureTest.php" line="120" class="Tests\Feature\DonationUpdateFeatureTest" classname="Tests.Feature.DonationUpdateFeatureTest" assertions="5" time="0.060250"/>
      </testsuite>
      <testsuite name="Tests\Feature\MarketplaceTest" file="C:\Users\sxpix\Downloads\ovnw - Copy\retide - Copy - Copy - Copy\ReTide-Webpage\tests\Feature\MarketplaceTest.php" tests="18" assertions="75" errors="0" failures="0" skipped="0" time="1.182786">
        <testcase name="test_guests_are_redirected_to_login_for_marketplace_routes" file="C:\Users\sxpix\Downloads\ovnw - Copy\retide - Copy - Copy - Copy\ReTide-Webpage\tests\Feature\MarketplaceTest.php" line="49" class="Tests\Feature\MarketplaceTest" classname="Tests.Feature.MarketplaceTest" assertions="4" time="0.071278"/>
        <testcase name="test_regular_users_can_access_marketplace_but_are_blocked_from_admin_marketplace" file="C:\Users\sxpix\Downloads\ovnw - Copy\retide - Copy - Copy - Copy\ReTide-Webpage\tests\Feature\MarketplaceTest.php" line="58" class="Tests\Feature\MarketplaceTest" classname="Tests.Feature.MarketplaceTest" assertions="3" time="0.070052"/>
        <testcase name="test_admins_are_redirected_to_dashboard_from_public_marketplace_but_can_access_admin_marketplace" file="C:\Users\sxpix\Downloads\ovnw - Copy\retide - Copy - Copy - Copy\ReTide-Webpage\tests\Feature\MarketplaceTest.php" line="75" class="Tests\Feature\MarketplaceTest" classname="Tests.Feature.MarketplaceTest" assertions="4" time="0.077148"/>
        <testcase name="test_admin_can_create_product_with_image" file="C:\Users\sxpix\Downloads\ovnw - Copy\retide - Copy - Copy - Copy\ReTide-Webpage\tests\Feature\MarketplaceTest.php" line="95" class="Tests\Feature\MarketplaceTest" classname="Tests.Feature.MarketplaceTest" assertions="4" time="0.060345"/>
        <testcase name="test_admin_can_create_product_without_image" file="C:\Users\sxpix\Downloads\ovnw - Copy\retide - Copy - Copy - Copy\ReTide-Webpage\tests\Feature\MarketplaceTest.php" line="125" class="Tests\Feature\MarketplaceTest" classname="Tests.Feature.MarketplaceTest" assertions="4" time="0.058035"/>
        <testcase name="test_admin_can_update_product_with_new_image" file="C:\Users\sxpix\Downloads\ovnw - Copy\retide - Copy - Copy - Copy\ReTide-Webpage\tests\Feature\MarketplaceTest.php" line="153" class="Tests\Feature\MarketplaceTest" classname="Tests.Feature.MarketplaceTest" assertions="4" time="0.060527"/>
        <testcase name="test_admin_can_update_product_without_new_image" file="C:\Users\sxpix\Downloads\ovnw - Copy\retide - Copy - Copy - Copy\ReTide-Webpage\tests\Feature\MarketplaceTest.php" line="194" class="Tests\Feature\MarketplaceTest" classname="Tests.Feature.MarketplaceTest" assertions="4" time="0.059609"/>
        <testcase name="test_admin_can_delete_product" file="C:\Users\sxpix\Downloads\ovnw - Copy\retide - Copy - Copy - Copy\ReTide-Webpage\tests\Feature\MarketplaceTest.php" line="227" class="Tests\Feature\MarketplaceTest" classname="Tests.Feature.MarketplaceTest" assertions="4" time="0.055742"/>
        <testcase name="test_create_product_validation_fails_for_empty_fields" file="C:\Users\sxpix\Downloads\ovnw - Copy\retide - Copy - Copy - Copy\ReTide-Webpage\tests\Feature\MarketplaceTest.php" line="252" class="Tests\Feature\MarketplaceTest" classname="Tests.Feature.MarketplaceTest" assertions="4" time="0.054361"/>
        <testcase name="test_create_product_validation_fails_for_invalid_name_length" file="C:\Users\sxpix\Downloads\ovnw - Copy\retide - Copy - Copy - Copy\ReTide-Webpage\tests\Feature\MarketplaceTest.php" line="265" class="Tests\Feature\MarketplaceTest" classname="Tests.Feature.MarketplaceTest" assertions="4" time="0.067668"/>
        <testcase name="test_create_product_validation_fails_for_invalid_description_length" file="C:\Users\sxpix\Downloads\ovnw - Copy\retide - Copy - Copy - Copy\ReTide-Webpage\tests\Feature\MarketplaceTest.php" line="288" class="Tests\Feature\MarketplaceTest" classname="Tests.Feature.MarketplaceTest" assertions="4" time="0.067993"/>
        <testcase name="test_create_product_validation_fails_for_invalid_price" file="C:\Users\sxpix\Downloads\ovnw - Copy\retide - Copy - Copy - Copy\ReTide-Webpage\tests\Feature\MarketplaceTest.php" line="309" class="Tests\Feature\MarketplaceTest" classname="Tests.Feature.MarketplaceTest" assertions="6" time="0.071783"/>
        <testcase name="test_create_product_validation_fails_for_invalid_image" file="C:\Users\sxpix\Downloads\ovnw - Copy\retide - Copy - Copy - Copy\ReTide-Webpage\tests\Feature\MarketplaceTest.php" line="341" class="Tests\Feature\MarketplaceTest" classname="Tests.Feature.MarketplaceTest" assertions="4" time="0.068368"/>
        <testcase name="test_update_product_validation_fails_for_empty_fields" file="C:\Users\sxpix\Downloads\ovnw - Copy\retide - Copy - Copy - Copy\ReTide-Webpage\tests\Feature\MarketplaceTest.php" line="376" class="Tests\Feature\MarketplaceTest" classname="Tests.Feature.MarketplaceTest" assertions="4" time="0.057425"/>
        <testcase name="test_update_product_validation_fails_for_invalid_name_length" file="C:\Users\sxpix\Downloads\ovnw - Copy\retide - Copy - Copy - Copy\ReTide-Webpage\tests\Feature\MarketplaceTest.php" line="397" class="Tests\Feature\MarketplaceTest" classname="Tests.Feature.MarketplaceTest" assertions="4" time="0.066784"/>
        <testcase name="test_update_product_validation_fails_for_invalid_description_length" file="C:\Users\sxpix\Downloads\ovnw - Copy\retide - Copy - Copy - Copy\ReTide-Webpage\tests\Feature\MarketplaceTest.php" line="431" class="Tests\Feature\MarketplaceTest" classname="Tests.Feature.MarketplaceTest" assertions="4" time="0.067640"/>
        <testcase name="test_update_product_validation_fails_for_invalid_price" file="C:\Users\sxpix\Downloads\ovnw - Copy\retide - Copy - Copy - Copy\ReTide-Webpage\tests\Feature\MarketplaceTest.php" line="463" class="Tests\Feature\MarketplaceTest" classname="Tests.Feature.MarketplaceTest" assertions="6" time="0.075986"/>
        <testcase name="test_update_product_validation_fails_for_invalid_image" file="C:\Users\sxpix\Downloads\ovnw - Copy\retide - Copy - Copy - Copy\ReTide-Webpage\tests\Feature\MarketplaceTest.php" line="509" class="Tests\Feature\MarketplaceTest" classname="Tests.Feature.MarketplaceTest" assertions="4" time="0.072042"/>
      </testsuite>
      <testsuite name="Tests\Feature\PaymentWebhookTest" file="C:\Users\sxpix\Downloads\ovnw - Copy\retide - Copy - Copy - Copy\ReTide-Webpage\tests\Feature\PaymentWebhookTest.php" tests="11" assertions="24" errors="0" failures="0" skipped="0" time="0.661349">
        <testcase name="test_webhook_handles_settlement_status_successfully" file="C:\Users\sxpix\Downloads\ovnw - Copy\retide - Copy - Copy - Copy\ReTide-Webpage\tests\Feature\PaymentWebhookTest.php" line="50" class="Tests\Feature\PaymentWebhookTest" classname="Tests.Feature.PaymentWebhookTest" assertions="3" time="0.104980"/>
        <testcase name="test_webhook_handles_pending_status" file="C:\Users\sxpix\Downloads\ovnw - Copy\retide - Copy - Copy - Copy\ReTide-Webpage\tests\Feature\PaymentWebhookTest.php" line="80" class="Tests\Feature\PaymentWebhookTest" classname="Tests.Feature.PaymentWebhookTest" assertions="2" time="0.055588"/>
        <testcase name="test_webhook_handles_cancel_status" file="C:\Users\sxpix\Downloads\ovnw - Copy\retide - Copy - Copy - Copy\ReTide-Webpage\tests\Feature\PaymentWebhookTest.php" line="102" class="Tests\Feature\PaymentWebhookTest" classname="Tests.Feature.PaymentWebhookTest" assertions="2" time="0.060364"/>
        <testcase name="test_webhook_handles_expire_status" file="C:\Users\sxpix\Downloads\ovnw - Copy\retide - Copy - Copy - Copy\ReTide-Webpage\tests\Feature\PaymentWebhookTest.php" line="122" class="Tests\Feature\PaymentWebhookTest" classname="Tests.Feature.PaymentWebhookTest" assertions="2" time="0.055418"/>
        <testcase name="test_webhook_handles_deny_status" file="C:\Users\sxpix\Downloads\ovnw - Copy\retide - Copy - Copy - Copy\ReTide-Webpage\tests\Feature\PaymentWebhookTest.php" line="142" class="Tests\Feature\PaymentWebhookTest" classname="Tests.Feature.PaymentWebhookTest" assertions="2" time="0.052898"/>
        <testcase name="test_webhook_handles_capture_challenge_status" file="C:\Users\sxpix\Downloads\ovnw - Copy\retide - Copy - Copy - Copy\ReTide-Webpage\tests\Feature\PaymentWebhookTest.php" line="162" class="Tests\Feature\PaymentWebhookTest" classname="Tests.Feature.PaymentWebhookTest" assertions="2" time="0.057117"/>
        <testcase name="test_webhook_handles_capture_accept_status" file="C:\Users\sxpix\Downloads\ovnw - Copy\retide - Copy - Copy - Copy\ReTide-Webpage\tests\Feature\PaymentWebhookTest.php" line="182" class="Tests\Feature\PaymentWebhookTest" classname="Tests.Feature.PaymentWebhookTest" assertions="2" time="0.052744"/>
        <testcase name="test_webhook_returns_404_for_invalid_order_id" file="C:\Users\sxpix\Downloads\ovnw - Copy\retide - Copy - Copy - Copy\ReTide-Webpage\tests\Feature\PaymentWebhookTest.php" line="206" class="Tests\Feature\PaymentWebhookTest" classname="Tests.Feature.PaymentWebhookTest" assertions="2" time="0.064860"/>
        <testcase name="test_webhook_returns_400_for_malformed_payload" file="C:\Users\sxpix\Downloads\ovnw - Copy\retide - Copy - Copy - Copy\ReTide-Webpage\tests\Feature\PaymentWebhookTest.php" line="219" class="Tests\Feature\PaymentWebhookTest" classname="Tests.Feature.PaymentWebhookTest" assertions="2" time="0.048157"/>
        <testcase name="test_webhook_with_valid_signature_updates_payment_status" file="C:\Users\sxpix\Downloads\ovnw - Copy\retide - Copy - Copy - Copy\ReTide-Webpage\tests\Feature\PaymentWebhookTest.php" line="238" class="Tests\Feature\PaymentWebhookTest" classname="Tests.Feature.PaymentWebhookTest" assertions="2" time="0.052895"/>
        <testcase name="test_webhook_with_invalid_signature_is_rejected" file="C:\Users\sxpix\Downloads\ovnw - Copy\retide - Copy - Copy - Copy\ReTide-Webpage\tests\Feature\PaymentWebhookTest.php" line="258" class="Tests\Feature\PaymentWebhookTest" classname="Tests.Feature.PaymentWebhookTest" assertions="3" time="0.056327"/>
      </testsuite>
    </testsuite>
  </testsuite>
</testsuites>
